Created by PLY version 3.11 (http://www.dabeaz.com/ply)

Unused terminals:

    AND
    ANGLE
    BOOLTYPE
    BREAK
    DIFFER
    ELSE
    FLOAT
    LCOR
    LEFT
    LINE
    MINUS
    MULTIPLY
    NILL
    NOT
    OR
    PLUS
    POP
    PUSH
    RCOR
    RIGHT
    RULE
    WHILE

Grammar

Rule 0     S' -> Program
Rule 1     Program -> InstructionList
Rule 2     InstructionList -> Instruction END InstructionList
Rule 3     InstructionList -> Instruction END
Rule 4     Assignable -> INT
Rule 5     Instruction -> LSYS ID LBRACE Lsystem_body RBRACE
Rule 6     Instruction -> ID EQUAL Assignable
Rule 7     Instruction -> TYPE ID EQUAL Assignable
Rule 8     Lsystem_body -> AXIOM TWOPOINTS STRING COMMA Ls_rules
Rule 9     Ls_rules -> STRING ARROW STRING COMMA Ls_rules
Rule 10    Ls_rules -> STRING ARROW STRING
Rule 11    Instruction -> ADD_RULE LPAREN ID COMMA STRING COMMA STRING RPAREN
Rule 12    Instruction -> BRUSH ID LBRACE Brush_body RBRACE
Rule 13    Brush_body -> SIZE TWOPOINTS INT COMMA COLOR TWOPOINTS COL COMMA SPEED TWOPOINTS INT
Rule 14    Brush_body -> SIZE TWOPOINTS INT COMMA COLOR TWOPOINTS COL COMMA SPEED TWOPOINTS ID
Rule 15    Brush_body -> SIZE TWOPOINTS ID COMMA COLOR TWOPOINTS COL COMMA SPEED TWOPOINTS INT
Rule 16    Brush_body -> SIZE TWOPOINTS ID COMMA COLOR TWOPOINTS COL COMMA SPEED TWOPOINTS ID
Rule 17    Instruction -> CANVAS ID LBRACE Canvas_body RBRACE
Rule 18    Canvas_body -> HIGH TWOPOINTS INT COMMA WIDTH TWOPOINTS INT COMMA COLOR TWOPOINTS COL
Rule 19    Canvas_body -> HIGH TWOPOINTS ID COMMA WIDTH TWOPOINTS ID COMMA COLOR TWOPOINTS COL
Rule 20    Canvas_body -> HIGH TWOPOINTS INT COMMA WIDTH TWOPOINTS ID COMMA COLOR TWOPOINTS COL
Rule 21    Canvas_body -> HIGH TWOPOINTS ID COMMA WIDTH TWOPOINTS INT COMMA COLOR TWOPOINTS COL
Rule 22    Instruction -> DRAW LPAREN ID COMMA ID COMMA ID COMMA ID COMMA ID COMMA ID RPAREN
Rule 23    Instruction -> DRAW LPAREN ID COMMA ID COMMA ID COMMA ID COMMA INT COMMA INT RPAREN
Rule 24    Instruction -> DRAW LPAREN ID COMMA ID COMMA ID COMMA INT COMMA ID COMMA INT RPAREN
Rule 25    Instruction -> DRAW LPAREN ID COMMA ID COMMA ID COMMA INT COMMA INT COMMA ID RPAREN
Rule 26    Instruction -> DRAW LPAREN ID COMMA ID COMMA ID COMMA ID COMMA ID COMMA INT RPAREN
Rule 27    Instruction -> DRAW LPAREN ID COMMA ID COMMA ID COMMA ID COMMA INT COMMA ID RPAREN
Rule 28    Instruction -> DRAW LPAREN ID COMMA ID COMMA ID COMMA INT COMMA ID COMMA ID RPAREN
Rule 29    Instruction -> DRAW LPAREN ID COMMA ID COMMA ID COMMA INT COMMA INT COMMA INT RPAREN
Rule 30    Instruction -> REPEAT INT LBRACE InstructionList RBRACE
Rule 31    Instruction -> IF LPAREN Condition RPAREN LBRACE InstructionList RBRACE
Rule 32    Condition -> Assignable GEQUAL Assignable
Rule 33    Condition -> Assignable LEQUAL Assignable
Rule 34    Condition -> Assignable EQUALEQUAL Assignable
Rule 35    Condition -> Assignable GREATER Assignable
Rule 36    Condition -> Assignable LESS Assignable
Rule 37    Condition -> BOOL

Terminals, with rules where they appear

ADD_RULE             : 11
AND                  : 
ANGLE                : 
ARROW                : 9 10
AXIOM                : 8
BOOL                 : 37
BOOLTYPE             : 
BREAK                : 
BRUSH                : 12
CANVAS               : 17
COL                  : 13 14 15 16 18 19 20 21
COLOR                : 13 14 15 16 18 19 20 21
COMMA                : 8 9 11 11 13 13 14 14 15 15 16 16 18 18 19 19 20 20 21 21 22 22 22 22 22 23 23 23 23 23 24 24 24 24 24 25 25 25 25 25 26 26 26 26 26 27 27 27 27 27 28 28 28 28 28 29 29 29 29 29
DIFFER               : 
DRAW                 : 22 23 24 25 26 27 28 29
ELSE                 : 
END                  : 2 3
EQUAL                : 6 7
EQUALEQUAL           : 34
FLOAT                : 
GEQUAL               : 32
GREATER              : 35
HIGH                 : 18 19 20 21
ID                   : 5 6 7 11 12 14 15 16 16 17 19 19 20 21 22 22 22 22 22 22 23 23 23 23 24 24 24 24 25 25 25 25 26 26 26 26 26 27 27 27 27 27 28 28 28 28 28 29 29 29
IF                   : 31
INT                  : 4 13 13 14 15 18 18 20 21 23 23 24 24 25 25 26 27 28 29 29 29 30
LBRACE               : 5 12 17 30 31
LCOR                 : 
LEFT                 : 
LEQUAL               : 33
LESS                 : 36
LINE                 : 
LPAREN               : 11 22 23 24 25 26 27 28 29 31
LSYS                 : 5
MINUS                : 
MULTIPLY             : 
NILL                 : 
NOT                  : 
OR                   : 
PLUS                 : 
POP                  : 
PUSH                 : 
RBRACE               : 5 12 17 30 31
RCOR                 : 
REPEAT               : 30
RIGHT                : 
RPAREN               : 11 22 23 24 25 26 27 28 29 31
RULE                 : 
SIZE                 : 13 14 15 16
SPEED                : 13 14 15 16
STRING               : 8 9 9 10 10 11 11
TWOPOINTS            : 8 13 13 13 14 14 14 15 15 15 16 16 16 18 18 18 19 19 19 20 20 20 21 21 21
TYPE                 : 7
WHILE                : 
WIDTH                : 18 19 20 21
error                : 

Nonterminals, with rules where they appear

Assignable           : 6 7 32 32 33 33 34 34 35 35 36 36
Brush_body           : 12
Canvas_body          : 17
Condition            : 31
Instruction          : 2 3
InstructionList      : 1 2 30 31
Ls_rules             : 8 9
Lsystem_body         : 5
Program              : 0

Parsing method: LALR

state 0

    (0) S' -> . Program
    (1) Program -> . InstructionList
    (2) InstructionList -> . Instruction END InstructionList
    (3) InstructionList -> . Instruction END
    (5) Instruction -> . LSYS ID LBRACE Lsystem_body RBRACE
    (6) Instruction -> . ID EQUAL Assignable
    (7) Instruction -> . TYPE ID EQUAL Assignable
    (11) Instruction -> . ADD_RULE LPAREN ID COMMA STRING COMMA STRING RPAREN
    (12) Instruction -> . BRUSH ID LBRACE Brush_body RBRACE
    (17) Instruction -> . CANVAS ID LBRACE Canvas_body RBRACE
    (22) Instruction -> . DRAW LPAREN ID COMMA ID COMMA ID COMMA ID COMMA ID COMMA ID RPAREN
    (23) Instruction -> . DRAW LPAREN ID COMMA ID COMMA ID COMMA ID COMMA INT COMMA INT RPAREN
    (24) Instruction -> . DRAW LPAREN ID COMMA ID COMMA ID COMMA INT COMMA ID COMMA INT RPAREN
    (25) Instruction -> . DRAW LPAREN ID COMMA ID COMMA ID COMMA INT COMMA INT COMMA ID RPAREN
    (26) Instruction -> . DRAW LPAREN ID COMMA ID COMMA ID COMMA ID COMMA ID COMMA INT RPAREN
    (27) Instruction -> . DRAW LPAREN ID COMMA ID COMMA ID COMMA ID COMMA INT COMMA ID RPAREN
    (28) Instruction -> . DRAW LPAREN ID COMMA ID COMMA ID COMMA INT COMMA ID COMMA ID RPAREN
    (29) Instruction -> . DRAW LPAREN ID COMMA ID COMMA ID COMMA INT COMMA INT COMMA INT RPAREN
    (30) Instruction -> . REPEAT INT LBRACE InstructionList RBRACE
    (31) Instruction -> . IF LPAREN Condition RPAREN LBRACE InstructionList RBRACE

    LSYS            shift and go to state 4
    ID              shift and go to state 5
    TYPE            shift and go to state 6
    ADD_RULE        shift and go to state 7
    BRUSH           shift and go to state 8
    CANVAS          shift and go to state 9
    DRAW            shift and go to state 10
    REPEAT          shift and go to state 11
    IF              shift and go to state 12

    Program                        shift and go to state 1
    InstructionList                shift and go to state 2
    Instruction                    shift and go to state 3

state 1

    (0) S' -> Program .



state 2

    (1) Program -> InstructionList .

    $end            reduce using rule 1 (Program -> InstructionList .)


state 3

    (2) InstructionList -> Instruction . END InstructionList
    (3) InstructionList -> Instruction . END

    END             shift and go to state 13


state 4

    (5) Instruction -> LSYS . ID LBRACE Lsystem_body RBRACE

    ID              shift and go to state 14


state 5

    (6) Instruction -> ID . EQUAL Assignable

    EQUAL           shift and go to state 15


state 6

    (7) Instruction -> TYPE . ID EQUAL Assignable

    ID              shift and go to state 16


state 7

    (11) Instruction -> ADD_RULE . LPAREN ID COMMA STRING COMMA STRING RPAREN

    LPAREN          shift and go to state 17


state 8

    (12) Instruction -> BRUSH . ID LBRACE Brush_body RBRACE

    ID              shift and go to state 18


state 9

    (17) Instruction -> CANVAS . ID LBRACE Canvas_body RBRACE

    ID              shift and go to state 19


state 10

    (22) Instruction -> DRAW . LPAREN ID COMMA ID COMMA ID COMMA ID COMMA ID COMMA ID RPAREN
    (23) Instruction -> DRAW . LPAREN ID COMMA ID COMMA ID COMMA ID COMMA INT COMMA INT RPAREN
    (24) Instruction -> DRAW . LPAREN ID COMMA ID COMMA ID COMMA INT COMMA ID COMMA INT RPAREN
    (25) Instruction -> DRAW . LPAREN ID COMMA ID COMMA ID COMMA INT COMMA INT COMMA ID RPAREN
    (26) Instruction -> DRAW . LPAREN ID COMMA ID COMMA ID COMMA ID COMMA ID COMMA INT RPAREN
    (27) Instruction -> DRAW . LPAREN ID COMMA ID COMMA ID COMMA ID COMMA INT COMMA ID RPAREN
    (28) Instruction -> DRAW . LPAREN ID COMMA ID COMMA ID COMMA INT COMMA ID COMMA ID RPAREN
    (29) Instruction -> DRAW . LPAREN ID COMMA ID COMMA ID COMMA INT COMMA INT COMMA INT RPAREN

    LPAREN          shift and go to state 20


state 11

    (30) Instruction -> REPEAT . INT LBRACE InstructionList RBRACE

    INT             shift and go to state 21


state 12

    (31) Instruction -> IF . LPAREN Condition RPAREN LBRACE InstructionList RBRACE

    LPAREN          shift and go to state 22


state 13

    (2) InstructionList -> Instruction END . InstructionList
    (3) InstructionList -> Instruction END .
    (2) InstructionList -> . Instruction END InstructionList
    (3) InstructionList -> . Instruction END
    (5) Instruction -> . LSYS ID LBRACE Lsystem_body RBRACE
    (6) Instruction -> . ID EQUAL Assignable
    (7) Instruction -> . TYPE ID EQUAL Assignable
    (11) Instruction -> . ADD_RULE LPAREN ID COMMA STRING COMMA STRING RPAREN
    (12) Instruction -> . BRUSH ID LBRACE Brush_body RBRACE
    (17) Instruction -> . CANVAS ID LBRACE Canvas_body RBRACE
    (22) Instruction -> . DRAW LPAREN ID COMMA ID COMMA ID COMMA ID COMMA ID COMMA ID RPAREN
    (23) Instruction -> . DRAW LPAREN ID COMMA ID COMMA ID COMMA ID COMMA INT COMMA INT RPAREN
    (24) Instruction -> . DRAW LPAREN ID COMMA ID COMMA ID COMMA INT COMMA ID COMMA INT RPAREN
    (25) Instruction -> . DRAW LPAREN ID COMMA ID COMMA ID COMMA INT COMMA INT COMMA ID RPAREN
    (26) Instruction -> . DRAW LPAREN ID COMMA ID COMMA ID COMMA ID COMMA ID COMMA INT RPAREN
    (27) Instruction -> . DRAW LPAREN ID COMMA ID COMMA ID COMMA ID COMMA INT COMMA ID RPAREN
    (28) Instruction -> . DRAW LPAREN ID COMMA ID COMMA ID COMMA INT COMMA ID COMMA ID RPAREN
    (29) Instruction -> . DRAW LPAREN ID COMMA ID COMMA ID COMMA INT COMMA INT COMMA INT RPAREN
    (30) Instruction -> . REPEAT INT LBRACE InstructionList RBRACE
    (31) Instruction -> . IF LPAREN Condition RPAREN LBRACE InstructionList RBRACE

    $end            reduce using rule 3 (InstructionList -> Instruction END .)
    RBRACE          reduce using rule 3 (InstructionList -> Instruction END .)
    LSYS            shift and go to state 4
    ID              shift and go to state 5
    TYPE            shift and go to state 6
    ADD_RULE        shift and go to state 7
    BRUSH           shift and go to state 8
    CANVAS          shift and go to state 9
    DRAW            shift and go to state 10
    REPEAT          shift and go to state 11
    IF              shift and go to state 12

    Instruction                    shift and go to state 3
    InstructionList                shift and go to state 23

state 14

    (5) Instruction -> LSYS ID . LBRACE Lsystem_body RBRACE

    LBRACE          shift and go to state 24


state 15

    (6) Instruction -> ID EQUAL . Assignable
    (4) Assignable -> . INT

    INT             shift and go to state 26

    Assignable                     shift and go to state 25

state 16

    (7) Instruction -> TYPE ID . EQUAL Assignable

    EQUAL           shift and go to state 27


state 17

    (11) Instruction -> ADD_RULE LPAREN . ID COMMA STRING COMMA STRING RPAREN

    ID              shift and go to state 28


state 18

    (12) Instruction -> BRUSH ID . LBRACE Brush_body RBRACE

    LBRACE          shift and go to state 29


state 19

    (17) Instruction -> CANVAS ID . LBRACE Canvas_body RBRACE

    LBRACE          shift and go to state 30


state 20

    (22) Instruction -> DRAW LPAREN . ID COMMA ID COMMA ID COMMA ID COMMA ID COMMA ID RPAREN
    (23) Instruction -> DRAW LPAREN . ID COMMA ID COMMA ID COMMA ID COMMA INT COMMA INT RPAREN
    (24) Instruction -> DRAW LPAREN . ID COMMA ID COMMA ID COMMA INT COMMA ID COMMA INT RPAREN
    (25) Instruction -> DRAW LPAREN . ID COMMA ID COMMA ID COMMA INT COMMA INT COMMA ID RPAREN
    (26) Instruction -> DRAW LPAREN . ID COMMA ID COMMA ID COMMA ID COMMA ID COMMA INT RPAREN
    (27) Instruction -> DRAW LPAREN . ID COMMA ID COMMA ID COMMA ID COMMA INT COMMA ID RPAREN
    (28) Instruction -> DRAW LPAREN . ID COMMA ID COMMA ID COMMA INT COMMA ID COMMA ID RPAREN
    (29) Instruction -> DRAW LPAREN . ID COMMA ID COMMA ID COMMA INT COMMA INT COMMA INT RPAREN

    ID              shift and go to state 31


state 21

    (30) Instruction -> REPEAT INT . LBRACE InstructionList RBRACE

    LBRACE          shift and go to state 32


state 22

    (31) Instruction -> IF LPAREN . Condition RPAREN LBRACE InstructionList RBRACE
    (32) Condition -> . Assignable GEQUAL Assignable
    (33) Condition -> . Assignable LEQUAL Assignable
    (34) Condition -> . Assignable EQUALEQUAL Assignable
    (35) Condition -> . Assignable GREATER Assignable
    (36) Condition -> . Assignable LESS Assignable
    (37) Condition -> . BOOL
    (4) Assignable -> . INT

    BOOL            shift and go to state 35
    INT             shift and go to state 26

    Condition                      shift and go to state 33
    Assignable                     shift and go to state 34

state 23

    (2) InstructionList -> Instruction END InstructionList .

    $end            reduce using rule 2 (InstructionList -> Instruction END InstructionList .)
    RBRACE          reduce using rule 2 (InstructionList -> Instruction END InstructionList .)


state 24

    (5) Instruction -> LSYS ID LBRACE . Lsystem_body RBRACE
    (8) Lsystem_body -> . AXIOM TWOPOINTS STRING COMMA Ls_rules

    AXIOM           shift and go to state 37

    Lsystem_body                   shift and go to state 36

state 25

    (6) Instruction -> ID EQUAL Assignable .

    END             reduce using rule 6 (Instruction -> ID EQUAL Assignable .)


state 26

    (4) Assignable -> INT .

    END             reduce using rule 4 (Assignable -> INT .)
    GEQUAL          reduce using rule 4 (Assignable -> INT .)
    LEQUAL          reduce using rule 4 (Assignable -> INT .)
    EQUALEQUAL      reduce using rule 4 (Assignable -> INT .)
    GREATER         reduce using rule 4 (Assignable -> INT .)
    LESS            reduce using rule 4 (Assignable -> INT .)
    RPAREN          reduce using rule 4 (Assignable -> INT .)


state 27

    (7) Instruction -> TYPE ID EQUAL . Assignable
    (4) Assignable -> . INT

    INT             shift and go to state 26

    Assignable                     shift and go to state 38

state 28

    (11) Instruction -> ADD_RULE LPAREN ID . COMMA STRING COMMA STRING RPAREN

    COMMA           shift and go to state 39


state 29

    (12) Instruction -> BRUSH ID LBRACE . Brush_body RBRACE
    (13) Brush_body -> . SIZE TWOPOINTS INT COMMA COLOR TWOPOINTS COL COMMA SPEED TWOPOINTS INT
    (14) Brush_body -> . SIZE TWOPOINTS INT COMMA COLOR TWOPOINTS COL COMMA SPEED TWOPOINTS ID
    (15) Brush_body -> . SIZE TWOPOINTS ID COMMA COLOR TWOPOINTS COL COMMA SPEED TWOPOINTS INT
    (16) Brush_body -> . SIZE TWOPOINTS ID COMMA COLOR TWOPOINTS COL COMMA SPEED TWOPOINTS ID

    SIZE            shift and go to state 41

    Brush_body                     shift and go to state 40

state 30

    (17) Instruction -> CANVAS ID LBRACE . Canvas_body RBRACE
    (18) Canvas_body -> . HIGH TWOPOINTS INT COMMA WIDTH TWOPOINTS INT COMMA COLOR TWOPOINTS COL
    (19) Canvas_body -> . HIGH TWOPOINTS ID COMMA WIDTH TWOPOINTS ID COMMA COLOR TWOPOINTS COL
    (20) Canvas_body -> . HIGH TWOPOINTS INT COMMA WIDTH TWOPOINTS ID COMMA COLOR TWOPOINTS COL
    (21) Canvas_body -> . HIGH TWOPOINTS ID COMMA WIDTH TWOPOINTS INT COMMA COLOR TWOPOINTS COL

    HIGH            shift and go to state 43

    Canvas_body                    shift and go to state 42

state 31

    (22) Instruction -> DRAW LPAREN ID . COMMA ID COMMA ID COMMA ID COMMA ID COMMA ID RPAREN
    (23) Instruction -> DRAW LPAREN ID . COMMA ID COMMA ID COMMA ID COMMA INT COMMA INT RPAREN
    (24) Instruction -> DRAW LPAREN ID . COMMA ID COMMA ID COMMA INT COMMA ID COMMA INT RPAREN
    (25) Instruction -> DRAW LPAREN ID . COMMA ID COMMA ID COMMA INT COMMA INT COMMA ID RPAREN
    (26) Instruction -> DRAW LPAREN ID . COMMA ID COMMA ID COMMA ID COMMA ID COMMA INT RPAREN
    (27) Instruction -> DRAW LPAREN ID . COMMA ID COMMA ID COMMA ID COMMA INT COMMA ID RPAREN
    (28) Instruction -> DRAW LPAREN ID . COMMA ID COMMA ID COMMA INT COMMA ID COMMA ID RPAREN
    (29) Instruction -> DRAW LPAREN ID . COMMA ID COMMA ID COMMA INT COMMA INT COMMA INT RPAREN

    COMMA           shift and go to state 44


state 32

    (30) Instruction -> REPEAT INT LBRACE . InstructionList RBRACE
    (2) InstructionList -> . Instruction END InstructionList
    (3) InstructionList -> . Instruction END
    (5) Instruction -> . LSYS ID LBRACE Lsystem_body RBRACE
    (6) Instruction -> . ID EQUAL Assignable
    (7) Instruction -> . TYPE ID EQUAL Assignable
    (11) Instruction -> . ADD_RULE LPAREN ID COMMA STRING COMMA STRING RPAREN
    (12) Instruction -> . BRUSH ID LBRACE Brush_body RBRACE
    (17) Instruction -> . CANVAS ID LBRACE Canvas_body RBRACE
    (22) Instruction -> . DRAW LPAREN ID COMMA ID COMMA ID COMMA ID COMMA ID COMMA ID RPAREN
    (23) Instruction -> . DRAW LPAREN ID COMMA ID COMMA ID COMMA ID COMMA INT COMMA INT RPAREN
    (24) Instruction -> . DRAW LPAREN ID COMMA ID COMMA ID COMMA INT COMMA ID COMMA INT RPAREN
    (25) Instruction -> . DRAW LPAREN ID COMMA ID COMMA ID COMMA INT COMMA INT COMMA ID RPAREN
    (26) Instruction -> . DRAW LPAREN ID COMMA ID COMMA ID COMMA ID COMMA ID COMMA INT RPAREN
    (27) Instruction -> . DRAW LPAREN ID COMMA ID COMMA ID COMMA ID COMMA INT COMMA ID RPAREN
    (28) Instruction -> . DRAW LPAREN ID COMMA ID COMMA ID COMMA INT COMMA ID COMMA ID RPAREN
    (29) Instruction -> . DRAW LPAREN ID COMMA ID COMMA ID COMMA INT COMMA INT COMMA INT RPAREN
    (30) Instruction -> . REPEAT INT LBRACE InstructionList RBRACE
    (31) Instruction -> . IF LPAREN Condition RPAREN LBRACE InstructionList RBRACE

    LSYS            shift and go to state 4
    ID              shift and go to state 5
    TYPE            shift and go to state 6
    ADD_RULE        shift and go to state 7
    BRUSH           shift and go to state 8
    CANVAS          shift and go to state 9
    DRAW            shift and go to state 10
    REPEAT          shift and go to state 11
    IF              shift and go to state 12

    InstructionList                shift and go to state 45
    Instruction                    shift and go to state 3

state 33

    (31) Instruction -> IF LPAREN Condition . RPAREN LBRACE InstructionList RBRACE

    RPAREN          shift and go to state 46


state 34

    (32) Condition -> Assignable . GEQUAL Assignable
    (33) Condition -> Assignable . LEQUAL Assignable
    (34) Condition -> Assignable . EQUALEQUAL Assignable
    (35) Condition -> Assignable . GREATER Assignable
    (36) Condition -> Assignable . LESS Assignable

    GEQUAL          shift and go to state 47
    LEQUAL          shift and go to state 48
    EQUALEQUAL      shift and go to state 49
    GREATER         shift and go to state 50
    LESS            shift and go to state 51


state 35

    (37) Condition -> BOOL .

    RPAREN          reduce using rule 37 (Condition -> BOOL .)


state 36

    (5) Instruction -> LSYS ID LBRACE Lsystem_body . RBRACE

    RBRACE          shift and go to state 52


state 37

    (8) Lsystem_body -> AXIOM . TWOPOINTS STRING COMMA Ls_rules

    TWOPOINTS       shift and go to state 53


state 38

    (7) Instruction -> TYPE ID EQUAL Assignable .

    END             reduce using rule 7 (Instruction -> TYPE ID EQUAL Assignable .)


state 39

    (11) Instruction -> ADD_RULE LPAREN ID COMMA . STRING COMMA STRING RPAREN

    STRING          shift and go to state 54


state 40

    (12) Instruction -> BRUSH ID LBRACE Brush_body . RBRACE

    RBRACE          shift and go to state 55


state 41

    (13) Brush_body -> SIZE . TWOPOINTS INT COMMA COLOR TWOPOINTS COL COMMA SPEED TWOPOINTS INT
    (14) Brush_body -> SIZE . TWOPOINTS INT COMMA COLOR TWOPOINTS COL COMMA SPEED TWOPOINTS ID
    (15) Brush_body -> SIZE . TWOPOINTS ID COMMA COLOR TWOPOINTS COL COMMA SPEED TWOPOINTS INT
    (16) Brush_body -> SIZE . TWOPOINTS ID COMMA COLOR TWOPOINTS COL COMMA SPEED TWOPOINTS ID

    TWOPOINTS       shift and go to state 56


state 42

    (17) Instruction -> CANVAS ID LBRACE Canvas_body . RBRACE

    RBRACE          shift and go to state 57


state 43

    (18) Canvas_body -> HIGH . TWOPOINTS INT COMMA WIDTH TWOPOINTS INT COMMA COLOR TWOPOINTS COL
    (19) Canvas_body -> HIGH . TWOPOINTS ID COMMA WIDTH TWOPOINTS ID COMMA COLOR TWOPOINTS COL
    (20) Canvas_body -> HIGH . TWOPOINTS INT COMMA WIDTH TWOPOINTS ID COMMA COLOR TWOPOINTS COL
    (21) Canvas_body -> HIGH . TWOPOINTS ID COMMA WIDTH TWOPOINTS INT COMMA COLOR TWOPOINTS COL

    TWOPOINTS       shift and go to state 58


state 44

    (22) Instruction -> DRAW LPAREN ID COMMA . ID COMMA ID COMMA ID COMMA ID COMMA ID RPAREN
    (23) Instruction -> DRAW LPAREN ID COMMA . ID COMMA ID COMMA ID COMMA INT COMMA INT RPAREN
    (24) Instruction -> DRAW LPAREN ID COMMA . ID COMMA ID COMMA INT COMMA ID COMMA INT RPAREN
    (25) Instruction -> DRAW LPAREN ID COMMA . ID COMMA ID COMMA INT COMMA INT COMMA ID RPAREN
    (26) Instruction -> DRAW LPAREN ID COMMA . ID COMMA ID COMMA ID COMMA ID COMMA INT RPAREN
    (27) Instruction -> DRAW LPAREN ID COMMA . ID COMMA ID COMMA ID COMMA INT COMMA ID RPAREN
    (28) Instruction -> DRAW LPAREN ID COMMA . ID COMMA ID COMMA INT COMMA ID COMMA ID RPAREN
    (29) Instruction -> DRAW LPAREN ID COMMA . ID COMMA ID COMMA INT COMMA INT COMMA INT RPAREN

    ID              shift and go to state 59


state 45

    (30) Instruction -> REPEAT INT LBRACE InstructionList . RBRACE

    RBRACE          shift and go to state 60


state 46

    (31) Instruction -> IF LPAREN Condition RPAREN . LBRACE InstructionList RBRACE

    LBRACE          shift and go to state 61


state 47

    (32) Condition -> Assignable GEQUAL . Assignable
    (4) Assignable -> . INT

    INT             shift and go to state 26

    Assignable                     shift and go to state 62

state 48

    (33) Condition -> Assignable LEQUAL . Assignable
    (4) Assignable -> . INT

    INT             shift and go to state 26

    Assignable                     shift and go to state 63

state 49

    (34) Condition -> Assignable EQUALEQUAL . Assignable
    (4) Assignable -> . INT

    INT             shift and go to state 26

    Assignable                     shift and go to state 64

state 50

    (35) Condition -> Assignable GREATER . Assignable
    (4) Assignable -> . INT

    INT             shift and go to state 26

    Assignable                     shift and go to state 65

state 51

    (36) Condition -> Assignable LESS . Assignable
    (4) Assignable -> . INT

    INT             shift and go to state 26

    Assignable                     shift and go to state 66

state 52

    (5) Instruction -> LSYS ID LBRACE Lsystem_body RBRACE .

    END             reduce using rule 5 (Instruction -> LSYS ID LBRACE Lsystem_body RBRACE .)


state 53

    (8) Lsystem_body -> AXIOM TWOPOINTS . STRING COMMA Ls_rules

    STRING          shift and go to state 67


state 54

    (11) Instruction -> ADD_RULE LPAREN ID COMMA STRING . COMMA STRING RPAREN

    COMMA           shift and go to state 68


state 55

    (12) Instruction -> BRUSH ID LBRACE Brush_body RBRACE .

    END             reduce using rule 12 (Instruction -> BRUSH ID LBRACE Brush_body RBRACE .)


state 56

    (13) Brush_body -> SIZE TWOPOINTS . INT COMMA COLOR TWOPOINTS COL COMMA SPEED TWOPOINTS INT
    (14) Brush_body -> SIZE TWOPOINTS . INT COMMA COLOR TWOPOINTS COL COMMA SPEED TWOPOINTS ID
    (15) Brush_body -> SIZE TWOPOINTS . ID COMMA COLOR TWOPOINTS COL COMMA SPEED TWOPOINTS INT
    (16) Brush_body -> SIZE TWOPOINTS . ID COMMA COLOR TWOPOINTS COL COMMA SPEED TWOPOINTS ID

    INT             shift and go to state 69
    ID              shift and go to state 70


state 57

    (17) Instruction -> CANVAS ID LBRACE Canvas_body RBRACE .

    END             reduce using rule 17 (Instruction -> CANVAS ID LBRACE Canvas_body RBRACE .)


state 58

    (18) Canvas_body -> HIGH TWOPOINTS . INT COMMA WIDTH TWOPOINTS INT COMMA COLOR TWOPOINTS COL
    (19) Canvas_body -> HIGH TWOPOINTS . ID COMMA WIDTH TWOPOINTS ID COMMA COLOR TWOPOINTS COL
    (20) Canvas_body -> HIGH TWOPOINTS . INT COMMA WIDTH TWOPOINTS ID COMMA COLOR TWOPOINTS COL
    (21) Canvas_body -> HIGH TWOPOINTS . ID COMMA WIDTH TWOPOINTS INT COMMA COLOR TWOPOINTS COL

    INT             shift and go to state 71
    ID              shift and go to state 72


state 59

    (22) Instruction -> DRAW LPAREN ID COMMA ID . COMMA ID COMMA ID COMMA ID COMMA ID RPAREN
    (23) Instruction -> DRAW LPAREN ID COMMA ID . COMMA ID COMMA ID COMMA INT COMMA INT RPAREN
    (24) Instruction -> DRAW LPAREN ID COMMA ID . COMMA ID COMMA INT COMMA ID COMMA INT RPAREN
    (25) Instruction -> DRAW LPAREN ID COMMA ID . COMMA ID COMMA INT COMMA INT COMMA ID RPAREN
    (26) Instruction -> DRAW LPAREN ID COMMA ID . COMMA ID COMMA ID COMMA ID COMMA INT RPAREN
    (27) Instruction -> DRAW LPAREN ID COMMA ID . COMMA ID COMMA ID COMMA INT COMMA ID RPAREN
    (28) Instruction -> DRAW LPAREN ID COMMA ID . COMMA ID COMMA INT COMMA ID COMMA ID RPAREN
    (29) Instruction -> DRAW LPAREN ID COMMA ID . COMMA ID COMMA INT COMMA INT COMMA INT RPAREN

    COMMA           shift and go to state 73


state 60

    (30) Instruction -> REPEAT INT LBRACE InstructionList RBRACE .

    END             reduce using rule 30 (Instruction -> REPEAT INT LBRACE InstructionList RBRACE .)


state 61

    (31) Instruction -> IF LPAREN Condition RPAREN LBRACE . InstructionList RBRACE
    (2) InstructionList -> . Instruction END InstructionList
    (3) InstructionList -> . Instruction END
    (5) Instruction -> . LSYS ID LBRACE Lsystem_body RBRACE
    (6) Instruction -> . ID EQUAL Assignable
    (7) Instruction -> . TYPE ID EQUAL Assignable
    (11) Instruction -> . ADD_RULE LPAREN ID COMMA STRING COMMA STRING RPAREN
    (12) Instruction -> . BRUSH ID LBRACE Brush_body RBRACE
    (17) Instruction -> . CANVAS ID LBRACE Canvas_body RBRACE
    (22) Instruction -> . DRAW LPAREN ID COMMA ID COMMA ID COMMA ID COMMA ID COMMA ID RPAREN
    (23) Instruction -> . DRAW LPAREN ID COMMA ID COMMA ID COMMA ID COMMA INT COMMA INT RPAREN
    (24) Instruction -> . DRAW LPAREN ID COMMA ID COMMA ID COMMA INT COMMA ID COMMA INT RPAREN
    (25) Instruction -> . DRAW LPAREN ID COMMA ID COMMA ID COMMA INT COMMA INT COMMA ID RPAREN
    (26) Instruction -> . DRAW LPAREN ID COMMA ID COMMA ID COMMA ID COMMA ID COMMA INT RPAREN
    (27) Instruction -> . DRAW LPAREN ID COMMA ID COMMA ID COMMA ID COMMA INT COMMA ID RPAREN
    (28) Instruction -> . DRAW LPAREN ID COMMA ID COMMA ID COMMA INT COMMA ID COMMA ID RPAREN
    (29) Instruction -> . DRAW LPAREN ID COMMA ID COMMA ID COMMA INT COMMA INT COMMA INT RPAREN
    (30) Instruction -> . REPEAT INT LBRACE InstructionList RBRACE
    (31) Instruction -> . IF LPAREN Condition RPAREN LBRACE InstructionList RBRACE

    LSYS            shift and go to state 4
    ID              shift and go to state 5
    TYPE            shift and go to state 6
    ADD_RULE        shift and go to state 7
    BRUSH           shift and go to state 8
    CANVAS          shift and go to state 9
    DRAW            shift and go to state 10
    REPEAT          shift and go to state 11
    IF              shift and go to state 12

    InstructionList                shift and go to state 74
    Instruction                    shift and go to state 3

state 62

    (32) Condition -> Assignable GEQUAL Assignable .

    RPAREN          reduce using rule 32 (Condition -> Assignable GEQUAL Assignable .)


state 63

    (33) Condition -> Assignable LEQUAL Assignable .

    RPAREN          reduce using rule 33 (Condition -> Assignable LEQUAL Assignable .)


state 64

    (34) Condition -> Assignable EQUALEQUAL Assignable .

    RPAREN          reduce using rule 34 (Condition -> Assignable EQUALEQUAL Assignable .)


state 65

    (35) Condition -> Assignable GREATER Assignable .

    RPAREN          reduce using rule 35 (Condition -> Assignable GREATER Assignable .)


state 66

    (36) Condition -> Assignable LESS Assignable .

    RPAREN          reduce using rule 36 (Condition -> Assignable LESS Assignable .)


state 67

    (8) Lsystem_body -> AXIOM TWOPOINTS STRING . COMMA Ls_rules

    COMMA           shift and go to state 75


state 68

    (11) Instruction -> ADD_RULE LPAREN ID COMMA STRING COMMA . STRING RPAREN

    STRING          shift and go to state 76


state 69

    (13) Brush_body -> SIZE TWOPOINTS INT . COMMA COLOR TWOPOINTS COL COMMA SPEED TWOPOINTS INT
    (14) Brush_body -> SIZE TWOPOINTS INT . COMMA COLOR TWOPOINTS COL COMMA SPEED TWOPOINTS ID

    COMMA           shift and go to state 77


state 70

    (15) Brush_body -> SIZE TWOPOINTS ID . COMMA COLOR TWOPOINTS COL COMMA SPEED TWOPOINTS INT
    (16) Brush_body -> SIZE TWOPOINTS ID . COMMA COLOR TWOPOINTS COL COMMA SPEED TWOPOINTS ID

    COMMA           shift and go to state 78


state 71

    (18) Canvas_body -> HIGH TWOPOINTS INT . COMMA WIDTH TWOPOINTS INT COMMA COLOR TWOPOINTS COL
    (20) Canvas_body -> HIGH TWOPOINTS INT . COMMA WIDTH TWOPOINTS ID COMMA COLOR TWOPOINTS COL

    COMMA           shift and go to state 79


state 72

    (19) Canvas_body -> HIGH TWOPOINTS ID . COMMA WIDTH TWOPOINTS ID COMMA COLOR TWOPOINTS COL
    (21) Canvas_body -> HIGH TWOPOINTS ID . COMMA WIDTH TWOPOINTS INT COMMA COLOR TWOPOINTS COL

    COMMA           shift and go to state 80


state 73

    (22) Instruction -> DRAW LPAREN ID COMMA ID COMMA . ID COMMA ID COMMA ID COMMA ID RPAREN
    (23) Instruction -> DRAW LPAREN ID COMMA ID COMMA . ID COMMA ID COMMA INT COMMA INT RPAREN
    (24) Instruction -> DRAW LPAREN ID COMMA ID COMMA . ID COMMA INT COMMA ID COMMA INT RPAREN
    (25) Instruction -> DRAW LPAREN ID COMMA ID COMMA . ID COMMA INT COMMA INT COMMA ID RPAREN
    (26) Instruction -> DRAW LPAREN ID COMMA ID COMMA . ID COMMA ID COMMA ID COMMA INT RPAREN
    (27) Instruction -> DRAW LPAREN ID COMMA ID COMMA . ID COMMA ID COMMA INT COMMA ID RPAREN
    (28) Instruction -> DRAW LPAREN ID COMMA ID COMMA . ID COMMA INT COMMA ID COMMA ID RPAREN
    (29) Instruction -> DRAW LPAREN ID COMMA ID COMMA . ID COMMA INT COMMA INT COMMA INT RPAREN

    ID              shift and go to state 81


state 74

    (31) Instruction -> IF LPAREN Condition RPAREN LBRACE InstructionList . RBRACE

    RBRACE          shift and go to state 82


state 75

    (8) Lsystem_body -> AXIOM TWOPOINTS STRING COMMA . Ls_rules
    (9) Ls_rules -> . STRING ARROW STRING COMMA Ls_rules
    (10) Ls_rules -> . STRING ARROW STRING

    STRING          shift and go to state 83

    Ls_rules                       shift and go to state 84

state 76

    (11) Instruction -> ADD_RULE LPAREN ID COMMA STRING COMMA STRING . RPAREN

    RPAREN          shift and go to state 85


state 77

    (13) Brush_body -> SIZE TWOPOINTS INT COMMA . COLOR TWOPOINTS COL COMMA SPEED TWOPOINTS INT
    (14) Brush_body -> SIZE TWOPOINTS INT COMMA . COLOR TWOPOINTS COL COMMA SPEED TWOPOINTS ID

    COLOR           shift and go to state 86


state 78

    (15) Brush_body -> SIZE TWOPOINTS ID COMMA . COLOR TWOPOINTS COL COMMA SPEED TWOPOINTS INT
    (16) Brush_body -> SIZE TWOPOINTS ID COMMA . COLOR TWOPOINTS COL COMMA SPEED TWOPOINTS ID

    COLOR           shift and go to state 87


state 79

    (18) Canvas_body -> HIGH TWOPOINTS INT COMMA . WIDTH TWOPOINTS INT COMMA COLOR TWOPOINTS COL
    (20) Canvas_body -> HIGH TWOPOINTS INT COMMA . WIDTH TWOPOINTS ID COMMA COLOR TWOPOINTS COL

    WIDTH           shift and go to state 88


state 80

    (19) Canvas_body -> HIGH TWOPOINTS ID COMMA . WIDTH TWOPOINTS ID COMMA COLOR TWOPOINTS COL
    (21) Canvas_body -> HIGH TWOPOINTS ID COMMA . WIDTH TWOPOINTS INT COMMA COLOR TWOPOINTS COL

    WIDTH           shift and go to state 89


state 81

    (22) Instruction -> DRAW LPAREN ID COMMA ID COMMA ID . COMMA ID COMMA ID COMMA ID RPAREN
    (23) Instruction -> DRAW LPAREN ID COMMA ID COMMA ID . COMMA ID COMMA INT COMMA INT RPAREN
    (24) Instruction -> DRAW LPAREN ID COMMA ID COMMA ID . COMMA INT COMMA ID COMMA INT RPAREN
    (25) Instruction -> DRAW LPAREN ID COMMA ID COMMA ID . COMMA INT COMMA INT COMMA ID RPAREN
    (26) Instruction -> DRAW LPAREN ID COMMA ID COMMA ID . COMMA ID COMMA ID COMMA INT RPAREN
    (27) Instruction -> DRAW LPAREN ID COMMA ID COMMA ID . COMMA ID COMMA INT COMMA ID RPAREN
    (28) Instruction -> DRAW LPAREN ID COMMA ID COMMA ID . COMMA INT COMMA ID COMMA ID RPAREN
    (29) Instruction -> DRAW LPAREN ID COMMA ID COMMA ID . COMMA INT COMMA INT COMMA INT RPAREN

    COMMA           shift and go to state 90


state 82

    (31) Instruction -> IF LPAREN Condition RPAREN LBRACE InstructionList RBRACE .

    END             reduce using rule 31 (Instruction -> IF LPAREN Condition RPAREN LBRACE InstructionList RBRACE .)


state 83

    (9) Ls_rules -> STRING . ARROW STRING COMMA Ls_rules
    (10) Ls_rules -> STRING . ARROW STRING

    ARROW           shift and go to state 91


state 84

    (8) Lsystem_body -> AXIOM TWOPOINTS STRING COMMA Ls_rules .

    RBRACE          reduce using rule 8 (Lsystem_body -> AXIOM TWOPOINTS STRING COMMA Ls_rules .)


state 85

    (11) Instruction -> ADD_RULE LPAREN ID COMMA STRING COMMA STRING RPAREN .

    END             reduce using rule 11 (Instruction -> ADD_RULE LPAREN ID COMMA STRING COMMA STRING RPAREN .)


state 86

    (13) Brush_body -> SIZE TWOPOINTS INT COMMA COLOR . TWOPOINTS COL COMMA SPEED TWOPOINTS INT
    (14) Brush_body -> SIZE TWOPOINTS INT COMMA COLOR . TWOPOINTS COL COMMA SPEED TWOPOINTS ID

    TWOPOINTS       shift and go to state 92


state 87

    (15) Brush_body -> SIZE TWOPOINTS ID COMMA COLOR . TWOPOINTS COL COMMA SPEED TWOPOINTS INT
    (16) Brush_body -> SIZE TWOPOINTS ID COMMA COLOR . TWOPOINTS COL COMMA SPEED TWOPOINTS ID

    TWOPOINTS       shift and go to state 93


state 88

    (18) Canvas_body -> HIGH TWOPOINTS INT COMMA WIDTH . TWOPOINTS INT COMMA COLOR TWOPOINTS COL
    (20) Canvas_body -> HIGH TWOPOINTS INT COMMA WIDTH . TWOPOINTS ID COMMA COLOR TWOPOINTS COL

    TWOPOINTS       shift and go to state 94


state 89

    (19) Canvas_body -> HIGH TWOPOINTS ID COMMA WIDTH . TWOPOINTS ID COMMA COLOR TWOPOINTS COL
    (21) Canvas_body -> HIGH TWOPOINTS ID COMMA WIDTH . TWOPOINTS INT COMMA COLOR TWOPOINTS COL

    TWOPOINTS       shift and go to state 95


state 90

    (22) Instruction -> DRAW LPAREN ID COMMA ID COMMA ID COMMA . ID COMMA ID COMMA ID RPAREN
    (23) Instruction -> DRAW LPAREN ID COMMA ID COMMA ID COMMA . ID COMMA INT COMMA INT RPAREN
    (24) Instruction -> DRAW LPAREN ID COMMA ID COMMA ID COMMA . INT COMMA ID COMMA INT RPAREN
    (25) Instruction -> DRAW LPAREN ID COMMA ID COMMA ID COMMA . INT COMMA INT COMMA ID RPAREN
    (26) Instruction -> DRAW LPAREN ID COMMA ID COMMA ID COMMA . ID COMMA ID COMMA INT RPAREN
    (27) Instruction -> DRAW LPAREN ID COMMA ID COMMA ID COMMA . ID COMMA INT COMMA ID RPAREN
    (28) Instruction -> DRAW LPAREN ID COMMA ID COMMA ID COMMA . INT COMMA ID COMMA ID RPAREN
    (29) Instruction -> DRAW LPAREN ID COMMA ID COMMA ID COMMA . INT COMMA INT COMMA INT RPAREN

    ID              shift and go to state 96
    INT             shift and go to state 97


state 91

    (9) Ls_rules -> STRING ARROW . STRING COMMA Ls_rules
    (10) Ls_rules -> STRING ARROW . STRING

    STRING          shift and go to state 98


state 92

    (13) Brush_body -> SIZE TWOPOINTS INT COMMA COLOR TWOPOINTS . COL COMMA SPEED TWOPOINTS INT
    (14) Brush_body -> SIZE TWOPOINTS INT COMMA COLOR TWOPOINTS . COL COMMA SPEED TWOPOINTS ID

    COL             shift and go to state 99


state 93

    (15) Brush_body -> SIZE TWOPOINTS ID COMMA COLOR TWOPOINTS . COL COMMA SPEED TWOPOINTS INT
    (16) Brush_body -> SIZE TWOPOINTS ID COMMA COLOR TWOPOINTS . COL COMMA SPEED TWOPOINTS ID

    COL             shift and go to state 100


state 94

    (18) Canvas_body -> HIGH TWOPOINTS INT COMMA WIDTH TWOPOINTS . INT COMMA COLOR TWOPOINTS COL
    (20) Canvas_body -> HIGH TWOPOINTS INT COMMA WIDTH TWOPOINTS . ID COMMA COLOR TWOPOINTS COL

    INT             shift and go to state 101
    ID              shift and go to state 102


state 95

    (19) Canvas_body -> HIGH TWOPOINTS ID COMMA WIDTH TWOPOINTS . ID COMMA COLOR TWOPOINTS COL
    (21) Canvas_body -> HIGH TWOPOINTS ID COMMA WIDTH TWOPOINTS . INT COMMA COLOR TWOPOINTS COL

    ID              shift and go to state 103
    INT             shift and go to state 104


state 96

    (22) Instruction -> DRAW LPAREN ID COMMA ID COMMA ID COMMA ID . COMMA ID COMMA ID RPAREN
    (23) Instruction -> DRAW LPAREN ID COMMA ID COMMA ID COMMA ID . COMMA INT COMMA INT RPAREN
    (26) Instruction -> DRAW LPAREN ID COMMA ID COMMA ID COMMA ID . COMMA ID COMMA INT RPAREN
    (27) Instruction -> DRAW LPAREN ID COMMA ID COMMA ID COMMA ID . COMMA INT COMMA ID RPAREN

    COMMA           shift and go to state 105


state 97

    (24) Instruction -> DRAW LPAREN ID COMMA ID COMMA ID COMMA INT . COMMA ID COMMA INT RPAREN
    (25) Instruction -> DRAW LPAREN ID COMMA ID COMMA ID COMMA INT . COMMA INT COMMA ID RPAREN
    (28) Instruction -> DRAW LPAREN ID COMMA ID COMMA ID COMMA INT . COMMA ID COMMA ID RPAREN
    (29) Instruction -> DRAW LPAREN ID COMMA ID COMMA ID COMMA INT . COMMA INT COMMA INT RPAREN

    COMMA           shift and go to state 106


state 98

    (9) Ls_rules -> STRING ARROW STRING . COMMA Ls_rules
    (10) Ls_rules -> STRING ARROW STRING .

    COMMA           shift and go to state 107
    RBRACE          reduce using rule 10 (Ls_rules -> STRING ARROW STRING .)


state 99

    (13) Brush_body -> SIZE TWOPOINTS INT COMMA COLOR TWOPOINTS COL . COMMA SPEED TWOPOINTS INT
    (14) Brush_body -> SIZE TWOPOINTS INT COMMA COLOR TWOPOINTS COL . COMMA SPEED TWOPOINTS ID

    COMMA           shift and go to state 108


state 100

    (15) Brush_body -> SIZE TWOPOINTS ID COMMA COLOR TWOPOINTS COL . COMMA SPEED TWOPOINTS INT
    (16) Brush_body -> SIZE TWOPOINTS ID COMMA COLOR TWOPOINTS COL . COMMA SPEED TWOPOINTS ID

    COMMA           shift and go to state 109


state 101

    (18) Canvas_body -> HIGH TWOPOINTS INT COMMA WIDTH TWOPOINTS INT . COMMA COLOR TWOPOINTS COL

    COMMA           shift and go to state 110


state 102

    (20) Canvas_body -> HIGH TWOPOINTS INT COMMA WIDTH TWOPOINTS ID . COMMA COLOR TWOPOINTS COL

    COMMA           shift and go to state 111


state 103

    (19) Canvas_body -> HIGH TWOPOINTS ID COMMA WIDTH TWOPOINTS ID . COMMA COLOR TWOPOINTS COL

    COMMA           shift and go to state 112


state 104

    (21) Canvas_body -> HIGH TWOPOINTS ID COMMA WIDTH TWOPOINTS INT . COMMA COLOR TWOPOINTS COL

    COMMA           shift and go to state 113


state 105

    (22) Instruction -> DRAW LPAREN ID COMMA ID COMMA ID COMMA ID COMMA . ID COMMA ID RPAREN
    (23) Instruction -> DRAW LPAREN ID COMMA ID COMMA ID COMMA ID COMMA . INT COMMA INT RPAREN
    (26) Instruction -> DRAW LPAREN ID COMMA ID COMMA ID COMMA ID COMMA . ID COMMA INT RPAREN
    (27) Instruction -> DRAW LPAREN ID COMMA ID COMMA ID COMMA ID COMMA . INT COMMA ID RPAREN

    ID              shift and go to state 114
    INT             shift and go to state 115


state 106

    (24) Instruction -> DRAW LPAREN ID COMMA ID COMMA ID COMMA INT COMMA . ID COMMA INT RPAREN
    (25) Instruction -> DRAW LPAREN ID COMMA ID COMMA ID COMMA INT COMMA . INT COMMA ID RPAREN
    (28) Instruction -> DRAW LPAREN ID COMMA ID COMMA ID COMMA INT COMMA . ID COMMA ID RPAREN
    (29) Instruction -> DRAW LPAREN ID COMMA ID COMMA ID COMMA INT COMMA . INT COMMA INT RPAREN

    ID              shift and go to state 116
    INT             shift and go to state 117


state 107

    (9) Ls_rules -> STRING ARROW STRING COMMA . Ls_rules
    (9) Ls_rules -> . STRING ARROW STRING COMMA Ls_rules
    (10) Ls_rules -> . STRING ARROW STRING

    STRING          shift and go to state 83

    Ls_rules                       shift and go to state 118

state 108

    (13) Brush_body -> SIZE TWOPOINTS INT COMMA COLOR TWOPOINTS COL COMMA . SPEED TWOPOINTS INT
    (14) Brush_body -> SIZE TWOPOINTS INT COMMA COLOR TWOPOINTS COL COMMA . SPEED TWOPOINTS ID

    SPEED           shift and go to state 119


state 109

    (15) Brush_body -> SIZE TWOPOINTS ID COMMA COLOR TWOPOINTS COL COMMA . SPEED TWOPOINTS INT
    (16) Brush_body -> SIZE TWOPOINTS ID COMMA COLOR TWOPOINTS COL COMMA . SPEED TWOPOINTS ID

    SPEED           shift and go to state 120


state 110

    (18) Canvas_body -> HIGH TWOPOINTS INT COMMA WIDTH TWOPOINTS INT COMMA . COLOR TWOPOINTS COL

    COLOR           shift and go to state 121


state 111

    (20) Canvas_body -> HIGH TWOPOINTS INT COMMA WIDTH TWOPOINTS ID COMMA . COLOR TWOPOINTS COL

    COLOR           shift and go to state 122


state 112

    (19) Canvas_body -> HIGH TWOPOINTS ID COMMA WIDTH TWOPOINTS ID COMMA . COLOR TWOPOINTS COL

    COLOR           shift and go to state 123


state 113

    (21) Canvas_body -> HIGH TWOPOINTS ID COMMA WIDTH TWOPOINTS INT COMMA . COLOR TWOPOINTS COL

    COLOR           shift and go to state 124


state 114

    (22) Instruction -> DRAW LPAREN ID COMMA ID COMMA ID COMMA ID COMMA ID . COMMA ID RPAREN
    (26) Instruction -> DRAW LPAREN ID COMMA ID COMMA ID COMMA ID COMMA ID . COMMA INT RPAREN

    COMMA           shift and go to state 125


state 115

    (23) Instruction -> DRAW LPAREN ID COMMA ID COMMA ID COMMA ID COMMA INT . COMMA INT RPAREN
    (27) Instruction -> DRAW LPAREN ID COMMA ID COMMA ID COMMA ID COMMA INT . COMMA ID RPAREN

    COMMA           shift and go to state 126


state 116

    (24) Instruction -> DRAW LPAREN ID COMMA ID COMMA ID COMMA INT COMMA ID . COMMA INT RPAREN
    (28) Instruction -> DRAW LPAREN ID COMMA ID COMMA ID COMMA INT COMMA ID . COMMA ID RPAREN

    COMMA           shift and go to state 127


state 117

    (25) Instruction -> DRAW LPAREN ID COMMA ID COMMA ID COMMA INT COMMA INT . COMMA ID RPAREN
    (29) Instruction -> DRAW LPAREN ID COMMA ID COMMA ID COMMA INT COMMA INT . COMMA INT RPAREN

    COMMA           shift and go to state 128


state 118

    (9) Ls_rules -> STRING ARROW STRING COMMA Ls_rules .

    RBRACE          reduce using rule 9 (Ls_rules -> STRING ARROW STRING COMMA Ls_rules .)


state 119

    (13) Brush_body -> SIZE TWOPOINTS INT COMMA COLOR TWOPOINTS COL COMMA SPEED . TWOPOINTS INT
    (14) Brush_body -> SIZE TWOPOINTS INT COMMA COLOR TWOPOINTS COL COMMA SPEED . TWOPOINTS ID

    TWOPOINTS       shift and go to state 129


state 120

    (15) Brush_body -> SIZE TWOPOINTS ID COMMA COLOR TWOPOINTS COL COMMA SPEED . TWOPOINTS INT
    (16) Brush_body -> SIZE TWOPOINTS ID COMMA COLOR TWOPOINTS COL COMMA SPEED . TWOPOINTS ID

    TWOPOINTS       shift and go to state 130


state 121

    (18) Canvas_body -> HIGH TWOPOINTS INT COMMA WIDTH TWOPOINTS INT COMMA COLOR . TWOPOINTS COL

    TWOPOINTS       shift and go to state 131


state 122

    (20) Canvas_body -> HIGH TWOPOINTS INT COMMA WIDTH TWOPOINTS ID COMMA COLOR . TWOPOINTS COL

    TWOPOINTS       shift and go to state 132


state 123

    (19) Canvas_body -> HIGH TWOPOINTS ID COMMA WIDTH TWOPOINTS ID COMMA COLOR . TWOPOINTS COL

    TWOPOINTS       shift and go to state 133


state 124

    (21) Canvas_body -> HIGH TWOPOINTS ID COMMA WIDTH TWOPOINTS INT COMMA COLOR . TWOPOINTS COL

    TWOPOINTS       shift and go to state 134


state 125

    (22) Instruction -> DRAW LPAREN ID COMMA ID COMMA ID COMMA ID COMMA ID COMMA . ID RPAREN
    (26) Instruction -> DRAW LPAREN ID COMMA ID COMMA ID COMMA ID COMMA ID COMMA . INT RPAREN

    ID              shift and go to state 135
    INT             shift and go to state 136


state 126

    (23) Instruction -> DRAW LPAREN ID COMMA ID COMMA ID COMMA ID COMMA INT COMMA . INT RPAREN
    (27) Instruction -> DRAW LPAREN ID COMMA ID COMMA ID COMMA ID COMMA INT COMMA . ID RPAREN

    INT             shift and go to state 138
    ID              shift and go to state 137


state 127

    (24) Instruction -> DRAW LPAREN ID COMMA ID COMMA ID COMMA INT COMMA ID COMMA . INT RPAREN
    (28) Instruction -> DRAW LPAREN ID COMMA ID COMMA ID COMMA INT COMMA ID COMMA . ID RPAREN

    INT             shift and go to state 140
    ID              shift and go to state 139


state 128

    (25) Instruction -> DRAW LPAREN ID COMMA ID COMMA ID COMMA INT COMMA INT COMMA . ID RPAREN
    (29) Instruction -> DRAW LPAREN ID COMMA ID COMMA ID COMMA INT COMMA INT COMMA . INT RPAREN

    ID              shift and go to state 141
    INT             shift and go to state 142


state 129

    (13) Brush_body -> SIZE TWOPOINTS INT COMMA COLOR TWOPOINTS COL COMMA SPEED TWOPOINTS . INT
    (14) Brush_body -> SIZE TWOPOINTS INT COMMA COLOR TWOPOINTS COL COMMA SPEED TWOPOINTS . ID

    INT             shift and go to state 143
    ID              shift and go to state 144


state 130

    (15) Brush_body -> SIZE TWOPOINTS ID COMMA COLOR TWOPOINTS COL COMMA SPEED TWOPOINTS . INT
    (16) Brush_body -> SIZE TWOPOINTS ID COMMA COLOR TWOPOINTS COL COMMA SPEED TWOPOINTS . ID

    INT             shift and go to state 146
    ID              shift and go to state 145


state 131

    (18) Canvas_body -> HIGH TWOPOINTS INT COMMA WIDTH TWOPOINTS INT COMMA COLOR TWOPOINTS . COL

    COL             shift and go to state 147


state 132

    (20) Canvas_body -> HIGH TWOPOINTS INT COMMA WIDTH TWOPOINTS ID COMMA COLOR TWOPOINTS . COL

    COL             shift and go to state 148


state 133

    (19) Canvas_body -> HIGH TWOPOINTS ID COMMA WIDTH TWOPOINTS ID COMMA COLOR TWOPOINTS . COL

    COL             shift and go to state 149


state 134

    (21) Canvas_body -> HIGH TWOPOINTS ID COMMA WIDTH TWOPOINTS INT COMMA COLOR TWOPOINTS . COL

    COL             shift and go to state 150


state 135

    (22) Instruction -> DRAW LPAREN ID COMMA ID COMMA ID COMMA ID COMMA ID COMMA ID . RPAREN

    RPAREN          shift and go to state 151


state 136

    (26) Instruction -> DRAW LPAREN ID COMMA ID COMMA ID COMMA ID COMMA ID COMMA INT . RPAREN

    RPAREN          shift and go to state 152


state 137

    (27) Instruction -> DRAW LPAREN ID COMMA ID COMMA ID COMMA ID COMMA INT COMMA ID . RPAREN

    RPAREN          shift and go to state 153


state 138

    (23) Instruction -> DRAW LPAREN ID COMMA ID COMMA ID COMMA ID COMMA INT COMMA INT . RPAREN

    RPAREN          shift and go to state 154


state 139

    (28) Instruction -> DRAW LPAREN ID COMMA ID COMMA ID COMMA INT COMMA ID COMMA ID . RPAREN

    RPAREN          shift and go to state 155


state 140

    (24) Instruction -> DRAW LPAREN ID COMMA ID COMMA ID COMMA INT COMMA ID COMMA INT . RPAREN

    RPAREN          shift and go to state 156


state 141

    (25) Instruction -> DRAW LPAREN ID COMMA ID COMMA ID COMMA INT COMMA INT COMMA ID . RPAREN

    RPAREN          shift and go to state 157


state 142

    (29) Instruction -> DRAW LPAREN ID COMMA ID COMMA ID COMMA INT COMMA INT COMMA INT . RPAREN

    RPAREN          shift and go to state 158


state 143

    (13) Brush_body -> SIZE TWOPOINTS INT COMMA COLOR TWOPOINTS COL COMMA SPEED TWOPOINTS INT .

    RBRACE          reduce using rule 13 (Brush_body -> SIZE TWOPOINTS INT COMMA COLOR TWOPOINTS COL COMMA SPEED TWOPOINTS INT .)


state 144

    (14) Brush_body -> SIZE TWOPOINTS INT COMMA COLOR TWOPOINTS COL COMMA SPEED TWOPOINTS ID .

    RBRACE          reduce using rule 14 (Brush_body -> SIZE TWOPOINTS INT COMMA COLOR TWOPOINTS COL COMMA SPEED TWOPOINTS ID .)


state 145

    (16) Brush_body -> SIZE TWOPOINTS ID COMMA COLOR TWOPOINTS COL COMMA SPEED TWOPOINTS ID .

    RBRACE          reduce using rule 16 (Brush_body -> SIZE TWOPOINTS ID COMMA COLOR TWOPOINTS COL COMMA SPEED TWOPOINTS ID .)


state 146

    (15) Brush_body -> SIZE TWOPOINTS ID COMMA COLOR TWOPOINTS COL COMMA SPEED TWOPOINTS INT .

    RBRACE          reduce using rule 15 (Brush_body -> SIZE TWOPOINTS ID COMMA COLOR TWOPOINTS COL COMMA SPEED TWOPOINTS INT .)


state 147

    (18) Canvas_body -> HIGH TWOPOINTS INT COMMA WIDTH TWOPOINTS INT COMMA COLOR TWOPOINTS COL .

    RBRACE          reduce using rule 18 (Canvas_body -> HIGH TWOPOINTS INT COMMA WIDTH TWOPOINTS INT COMMA COLOR TWOPOINTS COL .)


state 148

    (20) Canvas_body -> HIGH TWOPOINTS INT COMMA WIDTH TWOPOINTS ID COMMA COLOR TWOPOINTS COL .

    RBRACE          reduce using rule 20 (Canvas_body -> HIGH TWOPOINTS INT COMMA WIDTH TWOPOINTS ID COMMA COLOR TWOPOINTS COL .)


state 149

    (19) Canvas_body -> HIGH TWOPOINTS ID COMMA WIDTH TWOPOINTS ID COMMA COLOR TWOPOINTS COL .

    RBRACE          reduce using rule 19 (Canvas_body -> HIGH TWOPOINTS ID COMMA WIDTH TWOPOINTS ID COMMA COLOR TWOPOINTS COL .)


state 150

    (21) Canvas_body -> HIGH TWOPOINTS ID COMMA WIDTH TWOPOINTS INT COMMA COLOR TWOPOINTS COL .

    RBRACE          reduce using rule 21 (Canvas_body -> HIGH TWOPOINTS ID COMMA WIDTH TWOPOINTS INT COMMA COLOR TWOPOINTS COL .)


state 151

    (22) Instruction -> DRAW LPAREN ID COMMA ID COMMA ID COMMA ID COMMA ID COMMA ID RPAREN .

    END             reduce using rule 22 (Instruction -> DRAW LPAREN ID COMMA ID COMMA ID COMMA ID COMMA ID COMMA ID RPAREN .)


state 152

    (26) Instruction -> DRAW LPAREN ID COMMA ID COMMA ID COMMA ID COMMA ID COMMA INT RPAREN .

    END             reduce using rule 26 (Instruction -> DRAW LPAREN ID COMMA ID COMMA ID COMMA ID COMMA ID COMMA INT RPAREN .)


state 153

    (27) Instruction -> DRAW LPAREN ID COMMA ID COMMA ID COMMA ID COMMA INT COMMA ID RPAREN .

    END             reduce using rule 27 (Instruction -> DRAW LPAREN ID COMMA ID COMMA ID COMMA ID COMMA INT COMMA ID RPAREN .)


state 154

    (23) Instruction -> DRAW LPAREN ID COMMA ID COMMA ID COMMA ID COMMA INT COMMA INT RPAREN .

    END             reduce using rule 23 (Instruction -> DRAW LPAREN ID COMMA ID COMMA ID COMMA ID COMMA INT COMMA INT RPAREN .)


state 155

    (28) Instruction -> DRAW LPAREN ID COMMA ID COMMA ID COMMA INT COMMA ID COMMA ID RPAREN .

    END             reduce using rule 28 (Instruction -> DRAW LPAREN ID COMMA ID COMMA ID COMMA INT COMMA ID COMMA ID RPAREN .)


state 156

    (24) Instruction -> DRAW LPAREN ID COMMA ID COMMA ID COMMA INT COMMA ID COMMA INT RPAREN .

    END             reduce using rule 24 (Instruction -> DRAW LPAREN ID COMMA ID COMMA ID COMMA INT COMMA ID COMMA INT RPAREN .)


state 157

    (25) Instruction -> DRAW LPAREN ID COMMA ID COMMA ID COMMA INT COMMA INT COMMA ID RPAREN .

    END             reduce using rule 25 (Instruction -> DRAW LPAREN ID COMMA ID COMMA ID COMMA INT COMMA INT COMMA ID RPAREN .)


state 158

    (29) Instruction -> DRAW LPAREN ID COMMA ID COMMA ID COMMA INT COMMA INT COMMA INT RPAREN .

    END             reduce using rule 29 (Instruction -> DRAW LPAREN ID COMMA ID COMMA ID COMMA INT COMMA INT COMMA INT RPAREN .)

